<?xml version="1.0" encoding="UTF-8"?>
<!-- Generated by org.testng.reporters.JUnitXMLReporter -->
<testsuite hostname="DESKTOP-MMIQK27" failures="0" tests="5" name="Default test" time="21.744" errors="0" timestamp="7 Jul 2024 17:05:41 GMT">
  <testcase classname="com.tutorialsninja.qa.testcases.Login" name="verifyLoginWithValidCredentials" time="0.755"/>
  <testcase classname="com.tutorialsninja.qa.testcases.Login" name="verifyLoginWithInvalidCredentials" time="2.571"/>
  <testcase classname="com.tutorialsninja.qa.testcases.Login" name="verifyLoginWithInvalidEmailAndValidPassword" time="0.5"/>
  <testcase classname="com.tutorialsninja.qa.testcases.Login" name="verifyLoginWithValidEmailAndInvalidPassword" time="0.479"/>
  <testcase classname="com.tutorialsninja.qa.testcases.Login" name="verifyLoginWithoutEmailAndInvalidPassword" time="0.511"/>
</testsuite> <!-- Default test -->
