<?xml version="1.0" encoding="UTF-8"?>
<testng-results total="1" passed="1" failed="0" skipped="0">
  <reporter-output>
  </reporter-output>
  <suite started-at="2024-07-07T19:16:32Z" name="Default suite" finished-at="2024-07-07T19:16:41Z" duration-ms="8865">
    <groups>
    </groups>
    <test started-at="2024-07-07T19:16:32Z" name="Default test" finished-at="2024-07-07T19:16:41Z" duration-ms="8865">
      <class name="com.tutorialsninja.qa.testcases.register">
        <test-method is-config="true" signature="setup()[pri:0, instance:com.tutorialsninja.qa.testcases.register@1a75e76a]" started-at="2024-07-08T00:46:32Z" name="setup" finished-at="2024-07-08T00:46:40Z" duration-ms="7703" status="PASS">
          <reporter-output>
          </reporter-output>
        </test-method> <!-- setup -->
        <test-method signature="verifyRegisteringAccountWithoutFillingAnyDetails()[pri:0, instance:com.tutorialsninja.qa.testcases.register@1a75e76a]" started-at="2024-07-08T00:46:40Z" name="verifyRegisteringAccountWithoutFillingAnyDetails" finished-at="2024-07-08T00:46:40Z" duration-ms="283" status="PASS">
          <reporter-output>
          </reporter-output>
        </test-method> <!-- verifyRegisteringAccountWithoutFillingAnyDetails -->
        <test-method is-config="true" signature="tearDown()[pri:0, instance:com.tutorialsninja.qa.testcases.register@1a75e76a]" started-at="2024-07-08T00:46:40Z" name="tearDown" finished-at="2024-07-08T00:46:41Z" duration-ms="868" status="PASS">
          <reporter-output>
          </reporter-output>
        </test-method> <!-- tearDown -->
      </class> <!-- com.tutorialsninja.qa.testcases.register -->
    </test> <!-- Default test -->
  </suite> <!-- Default suite -->
</testng-results>
