<?xml version="1.0" encoding="UTF-8"?>
<testng-results total="5" passed="5" failed="0" skipped="0">
  <reporter-output>
  </reporter-output>
  <suite started-at="2024-07-07T17:05:19Z" name="Default suite" finished-at="2024-07-07T17:05:41Z" duration-ms="21744">
    <groups>
    </groups>
    <test started-at="2024-07-07T17:05:19Z" name="Default test" finished-at="2024-07-07T17:05:41Z" duration-ms="21744">
      <class name="com.tutorialsninja.qa.testcases.Login">
        <test-method is-config="true" signature="setup()[pri:0, instance:com.tutorialsninja.qa.testcases.Login@5b218417]" started-at="2024-07-07T22:35:19Z" name="setup" finished-at="2024-07-07T22:35:24Z" duration-ms="4682" status="PASS">
          <reporter-output>
          </reporter-output>
        </test-method> <!-- setup -->
        <test-method signature="verifyLoginWithValidCredentials()[pri:0, instance:com.tutorialsninja.qa.testcases.Login@5b218417]" started-at="2024-07-07T22:35:24Z" name="verifyLoginWithValidCredentials" finished-at="2024-07-07T22:35:25Z" duration-ms="755" status="PASS">
          <reporter-output>
          </reporter-output>
        </test-method> <!-- verifyLoginWithValidCredentials -->
        <test-method is-config="true" signature="tearDown()[pri:0, instance:com.tutorialsninja.qa.testcases.Login@5b218417]" started-at="2024-07-07T22:35:25Z" name="tearDown" finished-at="2024-07-07T22:35:25Z" duration-ms="159" status="PASS">
          <reporter-output>
          </reporter-output>
        </test-method> <!-- tearDown -->
        <test-method is-config="true" signature="setup()[pri:0, instance:com.tutorialsninja.qa.testcases.Login@5b218417]" started-at="2024-07-07T22:35:25Z" name="setup" finished-at="2024-07-07T22:35:28Z" duration-ms="3168" status="PASS">
          <reporter-output>
          </reporter-output>
        </test-method> <!-- setup -->
        <test-method signature="verifyLoginWithInvalidCredentials()[pri:0, instance:com.tutorialsninja.qa.testcases.Login@5b218417]" started-at="2024-07-07T22:35:28Z" name="verifyLoginWithInvalidCredentials" finished-at="2024-07-07T22:35:31Z" duration-ms="2571" status="PASS">
          <reporter-output>
          </reporter-output>
        </test-method> <!-- verifyLoginWithInvalidCredentials -->
        <test-method is-config="true" signature="tearDown()[pri:0, instance:com.tutorialsninja.qa.testcases.Login@5b218417]" started-at="2024-07-07T22:35:31Z" name="tearDown" finished-at="2024-07-07T22:35:31Z" duration-ms="116" status="PASS">
          <reporter-output>
          </reporter-output>
        </test-method> <!-- tearDown -->
        <test-method is-config="true" signature="setup()[pri:0, instance:com.tutorialsninja.qa.testcases.Login@5b218417]" started-at="2024-07-07T22:35:31Z" name="setup" finished-at="2024-07-07T22:35:34Z" duration-ms="2682" status="PASS">
          <reporter-output>
          </reporter-output>
        </test-method> <!-- setup -->
        <test-method signature="verifyLoginWithInvalidEmailAndValidPassword()[pri:0, instance:com.tutorialsninja.qa.testcases.Login@5b218417]" started-at="2024-07-07T22:35:34Z" name="verifyLoginWithInvalidEmailAndValidPassword" finished-at="2024-07-07T22:35:34Z" duration-ms="500" status="PASS">
          <reporter-output>
          </reporter-output>
        </test-method> <!-- verifyLoginWithInvalidEmailAndValidPassword -->
        <test-method is-config="true" signature="tearDown()[pri:0, instance:com.tutorialsninja.qa.testcases.Login@5b218417]" started-at="2024-07-07T22:35:34Z" name="tearDown" finished-at="2024-07-07T22:35:34Z" duration-ms="197" status="PASS">
          <reporter-output>
          </reporter-output>
        </test-method> <!-- tearDown -->
        <test-method is-config="true" signature="setup()[pri:0, instance:com.tutorialsninja.qa.testcases.Login@5b218417]" started-at="2024-07-07T22:35:34Z" name="setup" finished-at="2024-07-07T22:35:37Z" duration-ms="2770" status="PASS">
          <reporter-output>
          </reporter-output>
        </test-method> <!-- setup -->
        <test-method signature="verifyLoginWithValidEmailAndInvalidPassword()[pri:0, instance:com.tutorialsninja.qa.testcases.Login@5b218417]" started-at="2024-07-07T22:35:37Z" name="verifyLoginWithValidEmailAndInvalidPassword" finished-at="2024-07-07T22:35:38Z" duration-ms="479" status="PASS">
          <reporter-output>
          </reporter-output>
        </test-method> <!-- verifyLoginWithValidEmailAndInvalidPassword -->
        <test-method is-config="true" signature="tearDown()[pri:0, instance:com.tutorialsninja.qa.testcases.Login@5b218417]" started-at="2024-07-07T22:35:38Z" name="tearDown" finished-at="2024-07-07T22:35:38Z" duration-ms="153" status="PASS">
          <reporter-output>
          </reporter-output>
        </test-method> <!-- tearDown -->
        <test-method is-config="true" signature="setup()[pri:0, instance:com.tutorialsninja.qa.testcases.Login@5b218417]" started-at="2024-07-07T22:35:38Z" name="setup" finished-at="2024-07-07T22:35:41Z" duration-ms="2844" status="PASS">
          <reporter-output>
          </reporter-output>
        </test-method> <!-- setup -->
        <test-method signature="verifyLoginWithoutEmailAndInvalidPassword()[pri:0, instance:com.tutorialsninja.qa.testcases.Login@5b218417]" started-at="2024-07-07T22:35:41Z" name="verifyLoginWithoutEmailAndInvalidPassword" finished-at="2024-07-07T22:35:41Z" duration-ms="511" status="PASS">
          <reporter-output>
          </reporter-output>
        </test-method> <!-- verifyLoginWithoutEmailAndInvalidPassword -->
        <test-method is-config="true" signature="tearDown()[pri:0, instance:com.tutorialsninja.qa.testcases.Login@5b218417]" started-at="2024-07-07T22:35:41Z" name="tearDown" finished-at="2024-07-07T22:35:41Z" duration-ms="144" status="PASS">
          <reporter-output>
          </reporter-output>
        </test-method> <!-- tearDown -->
      </class> <!-- com.tutorialsninja.qa.testcases.Login -->
    </test> <!-- Default test -->
  </suite> <!-- Default suite -->
</testng-results>
